Using pre-set license
Built from '2020.3/staging' branch; Version is '2020.3.0f1 (c7b5465681fb) revision 13088070'; Using compiler version '192528614'; Build Type 'Release'
OS: 'Windows 10 Pro; OS build 19041.450; Version 2004; 64bit' Language: 'en' Physical Memory: 16320 MB
BatchMode: 1, IsHumanControllingUs: 0, StartBugReporterOnCrash: 0, Is64bit: 1, IsPro: 0

 COMMAND LINE ARGUMENTS:
F:\Unity Versions\2020.3.0f1\Editor\Unity.exe
-adb2
-batchMode
-noUpm
-name
AssetImportWorker0
-projectPath
F:/Unity/Snake
-logFile
Logs/AssetImportWorker0.log
-srvPort
62790
Successfully changed project path to: F:/Unity/Snake
F:/Unity/Snake
Using Asset Import Pipeline V2.
Refreshing native plugins compatible for Editor in 22.45 ms, found 0 plugins.
Preloading 0 native plugins for Editor in 0.00 ms.
Initialize engine version: 2020.3.0f1 (c7b5465681fb)
[Subsystems] Discovering subsystems at path F:/Unity Versions/2020.3.0f1/Editor/Data/Resources/UnitySubsystems
[Subsystems] Discovering subsystems at path F:/Unity/Snake/Assets
GfxDevice: creating device client; threaded=0
Direct3D:
    Version:  Direct3D 11.0 [level 11.0]
    Renderer: NVIDIA GeForce GT 710 (ID=0x128b)
    Vendor:   
    VRAM:     2007 MB
    Driver:   27.21.14.6172
Initialize mono
Mono path[0] = 'F:/Unity Versions/2020.3.0f1/Editor/Data/Managed'
Mono path[1] = 'F:/Unity Versions/2020.3.0f1/Editor/Data/MonoBleedingEdge/lib/mono/unityjit'
Mono config path = 'F:/Unity Versions/2020.3.0f1/Editor/Data/MonoBleedingEdge/etc'
Using monoOptions --debugger-agent=transport=dt_socket,embedding=1,server=y,suspend=n,address=127.0.0.1:56048
Begin MonoManager ReloadAssembly
Registering precompiled unity dll's ...
Register platform support module: F:/Unity Versions/2020.3.0f1/Editor/Data/PlaybackEngines/WindowsStandaloneSupport/UnityEditor.WindowsStandalone.Extensions.dll
Registered in 0.001038 seconds.
Native extension for WindowsStandalone target not found
Refreshing native plugins compatible for Editor in 22.92 ms, found 0 plugins.
Preloading 0 native plugins for Editor in 0.00 ms.
Invoked RoslynAnalysisRunner static constructor.
RoslynAnalysisRunner will not be running.
RoslynAnalysisRunner has terminated.
Mono: successfully reloaded assembly
- Completed reload, in  1.514 seconds
Platform modules already initialized, skipping
Registering precompiled user dll's ...
Registered in 0.000465 seconds.
Begin MonoManager ReloadAssembly
Native extension for WindowsStandalone target not found
Refreshing native plugins compatible for Editor in 0.20 ms, found 0 plugins.
Preloading 0 native plugins for Editor in 0.00 ms.
Invoked RoslynAnalysisRunner static constructor.
RoslynAnalysisRunner will not be running.
RoslynAnalysisRunner has terminated.
Mono: successfully reloaded assembly
- Completed reload, in  0.811 seconds
Platform modules already initialized, skipping
========================================================================
Worker process is ready to serve import requests
Launched and connected shader compiler UnityShaderCompiler.exe after 0.04 seconds
Refreshing native plugins compatible for Editor in 0.19 ms, found 0 plugins.
Preloading 0 native plugins for Editor in 0.00 ms.
Unloading 1113 Unused Serialized files (Serialized files now loaded: 0)
System memory in use before: 56.8 MB.
System memory in use after: 56.9 MB.

Unloading 10 unused Assets to reduce memory usage. Loaded Objects now: 1555.
Total: 1.762300 ms (FindLiveObjects: 0.142200 ms CreateObjectMapping: 0.029900 ms MarkObjects: 1.517400 ms  DeleteObjects: 0.071900 ms)

========================================================================
Received Import Request.
  path: Assets/Scenes/Main.unity
  artifactKey: Guid(9fc0d4010bbf28b4594072e72b8655ab) Importer(815301076,1909f56bfc062723c751e8b465ee728b)
Start importing Assets/Scenes/Main.unity using Guid(9fc0d4010bbf28b4594072e72b8655ab) Importer(815301076,1909f56bfc062723c751e8b465ee728b)  -> (artifact id: 'bbe35d8831270b5ec2982e9631697695') in 0.011185 seconds
  Import took 0.013211 seconds .

========================================================================
Received Import Request.
  Time since last request: 1448.883511 seconds.
  path: Assets/Scenes
  artifactKey: Guid(b37b10027bdc8cc4c84c71838a745474) Importer(815301076,1909f56bfc062723c751e8b465ee728b)
Start importing Assets/Scenes using Guid(b37b10027bdc8cc4c84c71838a745474) Importer(815301076,1909f56bfc062723c751e8b465ee728b)  -> (artifact id: '3f500bfb618855f9ed8172bb04a7677c') in 0.005877 seconds
  Import took 0.021163 seconds .

========================================================================
Received Import Request.
  Time since last request: 1.382111 seconds.
  path: Assets
  artifactKey: Guid(00000000000000001000000000000000) Importer(815301076,1909f56bfc062723c751e8b465ee728b)
Start importing Assets using Guid(00000000000000001000000000000000) Importer(815301076,1909f56bfc062723c751e8b465ee728b)  -> (artifact id: '42baae205c97e3337697759514652acd') in 0.008145 seconds
  Import took 0.026377 seconds .

========================================================================
Received Import Request.
  Time since last request: 8.333644 seconds.
  path: Assets/Materials
  artifactKey: Guid(2c47191f1e3e6904c8f8173fd8da57c8) Importer(815301076,1909f56bfc062723c751e8b465ee728b)
Start importing Assets/Materials using Guid(2c47191f1e3e6904c8f8173fd8da57c8) Importer(815301076,1909f56bfc062723c751e8b465ee728b)  -> (artifact id: 'fa4fb2b1bab5654bee792095cf1d69cb') in 0.001484 seconds
  Import took 0.003795 seconds .

========================================================================
Received Import Request.
  Time since last request: 10.399355 seconds.
  path: Assets/Materials/Coin
  artifactKey: Guid(b063a153d8c68c74496778e568b29526) Importer(815301076,1909f56bfc062723c751e8b465ee728b)
Start importing Assets/Materials/Coin using Guid(b063a153d8c68c74496778e568b29526) Importer(815301076,1909f56bfc062723c751e8b465ee728b)  -> (artifact id: 'ab2f2227468392cbe1340d1d206003f3') in 0.011605 seconds
  Import took 0.013408 seconds .

========================================================================
Received Import Request.
  Time since last request: 132.287708 seconds.
  path: Assets/Materials/Coin/Coin.fbx
  artifactKey: Guid(5543f153a0c0b564f93ff3a42d46ae74) Importer(815301076,1909f56bfc062723c751e8b465ee728b)
Start importing Assets/Materials/Coin/Coin.fbx using Guid(5543f153a0c0b564f93ff3a42d46ae74) Importer(815301076,1909f56bfc062723c751e8b465ee728b)  -> (artifact id: 'aa92f8d8cd0ca12ed1763e6ac3d90906') in 1.143614 seconds
  Import took 1.145605 seconds .

========================================================================
Received Import Request.
  Time since last request: 18.736790 seconds.
  path: Assets/Materials/Coin/Matera
  artifactKey: Guid(1f6c2a6e18375d4419d11f22e5052351) Importer(815301076,1909f56bfc062723c751e8b465ee728b)
Start importing Assets/Materials/Coin/Matera using Guid(1f6c2a6e18375d4419d11f22e5052351) Importer(815301076,1909f56bfc062723c751e8b465ee728b)  -> (artifact id: '831c967aef58ee18025cb07ffc9f7e01') in 0.011743 seconds
  Import took 0.021524 seconds .

========================================================================
Received Import Request.
  Time since last request: 24.957521 seconds.
  path: Assets/Scripts
  artifactKey: Guid(a7e85607242b3f54795cbdc2b550e00a) Importer(815301076,1909f56bfc062723c751e8b465ee728b)
Start importing Assets/Scripts using Guid(a7e85607242b3f54795cbdc2b550e00a) Importer(815301076,1909f56bfc062723c751e8b465ee728b)  -> (artifact id: '319daa78d2895da709d0d2cd33488e10') in 0.006793 seconds
  Import took 0.009819 seconds .

========================================================================
Received Import Request.
  Time since last request: 0.000368 seconds.
  path: Assets/Scripts
  artifactKey: Guid(a7e85607242b3f54795cbdc2b550e00a) Importer(815301076,1909f56bfc062723c751e8b465ee728b)
Start importing Assets/Scripts using Guid(a7e85607242b3f54795cbdc2b550e00a) Importer(815301076,1909f56bfc062723c751e8b465ee728b)  -> (artifact id: '319daa78d2895da709d0d2cd33488e10') in 0.001413 seconds
  Import took 0.003254 seconds .

========================================================================
Received Import Request.
  Time since last request: 13.677301 seconds.
  path: Assets/Resources
  artifactKey: Guid(2c47191f1e3e6904c8f8173fd8da57c8) Importer(815301076,1909f56bfc062723c751e8b465ee728b)
Start importing Assets/Resources using Guid(2c47191f1e3e6904c8f8173fd8da57c8) Importer(815301076,1909f56bfc062723c751e8b465ee728b)  -> (artifact id: 'dbc6199a1acbaec459f05723253f9eb5') in 0.011430 seconds
  Import took 0.026575 seconds .

========================================================================
Received Import Request.
  Time since last request: 9.641017 seconds.
  path: Assets/Resources/Coin/Materials
  artifactKey: Guid(1f6c2a6e18375d4419d11f22e5052351) Importer(815301076,1909f56bfc062723c751e8b465ee728b)
Start importing Assets/Resources/Coin/Materials using Guid(1f6c2a6e18375d4419d11f22e5052351) Importer(815301076,1909f56bfc062723c751e8b465ee728b)  -> (artifact id: '21605379cf03e514e446c402780fa398') in 0.001161 seconds
  Import took 0.007463 seconds .

========================================================================
Received Import Request.
  Time since last request: 4.868070 seconds.
  path: Assets/Resources/Coin/Coin.fbx
  artifactKey: Guid(5543f153a0c0b564f93ff3a42d46ae74) Importer(815301076,1909f56bfc062723c751e8b465ee728b)
Start importing Assets/Resources/Coin/Coin.fbx using Guid(5543f153a0c0b564f93ff3a42d46ae74) Importer(815301076,1909f56bfc062723c751e8b465ee728b)  -> (artifact id: 'a8f9e9e4d952e519654b731dc4b38f3c') in 0.009580 seconds
  Import took 0.011945 seconds .

========================================================================
Received Import Request.
  Time since last request: 0.002384 seconds.
  path: Assets/Resources/Coin/Coin.fbx
  artifactKey: Guid(5543f153a0c0b564f93ff3a42d46ae74) Importer(815301076,1909f56bfc062723c751e8b465ee728b)
Start importing Assets/Resources/Coin/Coin.fbx using Guid(5543f153a0c0b564f93ff3a42d46ae74) Importer(815301076,1909f56bfc062723c751e8b465ee728b)  -> (artifact id: 'a8f9e9e4d952e519654b731dc4b38f3c') in 0.010568 seconds
  Import took 0.012493 seconds .

========================================================================
Received Import Request.
  Time since last request: 10.444203 seconds.
  path: Assets/Resources/Coin/Materials/Material.001.mat
  artifactKey: Guid(92c0d42e3abb1c84f8e2f482c3a94570) Importer(815301076,1909f56bfc062723c751e8b465ee728b)
Start importing Assets/Resources/Coin/Materials/Material.001.mat using Guid(92c0d42e3abb1c84f8e2f482c3a94570) Importer(815301076,1909f56bfc062723c751e8b465ee728b)  -> (artifact id: '26189651c90c77f052274e58ec57363d') in 0.043105 seconds
  Import took 0.057647 seconds .

========================================================================
Received Import Request.
  Time since last request: 22.286863 seconds.
  path: Assets/Resources/Coin/Materials/Coin Material.mat
  artifactKey: Guid(bc42e0e494ec98546931984d197dd22a) Importer(815301076,1909f56bfc062723c751e8b465ee728b)
Start importing Assets/Resources/Coin/Materials/Coin Material.mat using Guid(bc42e0e494ec98546931984d197dd22a) Importer(815301076,1909f56bfc062723c751e8b465ee728b)  -> (artifact id: '6a78cc35928c4aa85c6aa72b0120f71b') in 0.023377 seconds
  Import took 0.025801 seconds .

========================================================================
Received Import Request.
  Time since last request: 51.540906 seconds.
  path: Assets/Resources/Coin/Coin.fbx
  artifactKey: Guid(5543f153a0c0b564f93ff3a42d46ae74) Importer(815301076,1909f56bfc062723c751e8b465ee728b)
Start importing Assets/Resources/Coin/Coin.fbx using Guid(5543f153a0c0b564f93ff3a42d46ae74) Importer(815301076,1909f56bfc062723c751e8b465ee728b)  -> (artifact id: '27d48e55a5e27b984a37912995d7e6f1') in 0.009731 seconds
  Import took 0.011662 seconds .

========================================================================
Received Import Request.
  Time since last request: 279.377651 seconds.
  path: Assets/Resources/Coin/Coin1.fbx
  artifactKey: Guid(ab82ae3845bf88044b2464a570817c0f) Importer(815301076,1909f56bfc062723c751e8b465ee728b)
Start importing Assets/Resources/Coin/Coin1.fbx using Guid(ab82ae3845bf88044b2464a570817c0f) Importer(815301076,1909f56bfc062723c751e8b465ee728b)  -> (artifact id: 'c82403e91bfff680c2fd2af674622625') in 0.030723 seconds
  Import took 0.032778 seconds .

========================================================================
Received Import Request.
  Time since last request: 17.185165 seconds.
  path: Assets/Resources/Coin/Coin.fbx
  artifactKey: Guid(ab82ae3845bf88044b2464a570817c0f) Importer(815301076,1909f56bfc062723c751e8b465ee728b)
Start importing Assets/Resources/Coin/Coin.fbx using Guid(ab82ae3845bf88044b2464a570817c0f) Importer(815301076,1909f56bfc062723c751e8b465ee728b)  -> (artifact id: 'b699f10838deda2226a042e6a8d37e89') in 0.013484 seconds
  Import took 0.069172 seconds .

========================================================================
Received Import Request.
  Time since last request: 6.320294 seconds.
  path: Assets/Resources/Coin/New Material.mat
  artifactKey: Guid(d8f99b81be2b73543b0318afacc76475) Importer(815301076,1909f56bfc062723c751e8b465ee728b)
Start importing Assets/Resources/Coin/New Material.mat using Guid(d8f99b81be2b73543b0318afacc76475) Importer(815301076,1909f56bfc062723c751e8b465ee728b)  -> (artifact id: '528238d1265ef8c6d5800db2000ee118') in 0.007582 seconds
  Import took 0.009939 seconds .

========================================================================
Received Import Request.
  Time since last request: 13.868057 seconds.
  path: Assets/Resources/Coin/Coin.fbx
  artifactKey: Guid(ab82ae3845bf88044b2464a570817c0f) Importer(815301076,1909f56bfc062723c751e8b465ee728b)
Start importing Assets/Resources/Coin/Coin.fbx using Guid(ab82ae3845bf88044b2464a570817c0f) Importer(815301076,1909f56bfc062723c751e8b465ee728b)  -> (artifact id: '53aa0a16401c5e21fad649e1b881bd2a') in 0.010283 seconds
  Import took 0.012218 seconds .

========================================================================
Received Prepare
Registering precompiled user dll's ...
Registered in 0.000508 seconds.
Begin MonoManager ReloadAssembly
Native extension for WindowsStandalone target not found
Refreshing native plugins compatible for Editor in 0.22 ms, found 0 plugins.
Preloading 0 native plugins for Editor in 0.00 ms.
Invalid AssetDatabase path: /Editor/EditorResources/cm_logo_sm.png. Use path relative to the project folder.
UnityEngine.StackTraceUtility:ExtractStackTrace ()
UnityEditor.AssetDatabase:LoadAssetAtPath<UnityEngine.Texture2D> (string)
Cinemachine.Editor.CinemachineSettings:get_CinemachineLogoTexture () (at Library/PackageCache/com.unity.cinemachine@2.6.3/Editor/Windows/CinemachineSettings.cs:205)
Cinemachine.Editor.CinemachineSettings:.cctor () (at Library/PackageCache/com.unity.cinemachine@2.6.3/Editor/Windows/CinemachineSettings.cs:237)
Cinemachine.CinemachineColliderPrefs:.cctor () (at Library/PackageCache/com.unity.cinemachine@2.6.3/Editor/Windows/CinemachineColliderPrefs.cs:61)
System.Runtime.CompilerServices.RuntimeHelpers:RunClassConstructor (System.RuntimeTypeHandle)
UnityEditor.EditorAssemblies:ProcessInitializeOnLoadAttributes (System.Type[])

[Library/PackageCache/com.unity.cinemachine@2.6.3/Editor/Windows/CinemachineSettings.cs line 205]

Invoked RoslynAnalysisRunner static constructor.
RoslynAnalysisRunner will not be running.
RoslynAnalysisRunner has terminated.
Mono: successfully reloaded assembly
- Completed reload, in  0.878 seconds
Platform modules already initialized, skipping
Refreshing native plugins compatible for Editor in 0.22 ms, found 0 plugins.
Preloading 0 native plugins for Editor in 0.00 ms.
Unloading 1254 Unused Serialized files (Serialized files now loaded: 0)
System memory in use before: 65.2 MB.
System memory in use after: 65.3 MB.

Unloading 6 unused Assets to reduce memory usage. Loaded Objects now: 1746.
Total: 1.643300 ms (FindLiveObjects: 0.164000 ms CreateObjectMapping: 0.031600 ms MarkObjects: 1.384400 ms  DeleteObjects: 0.061300 ms)

========================================================================
Received Import Request.
  Time since last request: 565.894829 seconds.
  path: Assets/Scripts/MoveObject.cs
  artifactKey: Guid(b828a45d5376fd1438ff8a85163d78e3) Importer(815301076,1909f56bfc062723c751e8b465ee728b)
Start importing Assets/Scripts/MoveObject.cs using Guid(b828a45d5376fd1438ff8a85163d78e3) Importer(815301076,1909f56bfc062723c751e8b465ee728b)  -> (artifact id: 'a36ce31fed571dd5f5fe5bab4537eb25') in 0.017106 seconds
  Import took 0.019298 seconds .

========================================================================
Received Prepare
Registering precompiled user dll's ...
Registered in 0.001151 seconds.
Begin MonoManager ReloadAssembly
Native extension for WindowsStandalone target not found
Refreshing native plugins compatible for Editor in 0.48 ms, found 0 plugins.
Preloading 0 native plugins for Editor in 0.00 ms.
Invoked RoslynAnalysisRunner static constructor.
RoslynAnalysisRunner will not be running.
RoslynAnalysisRunner has terminated.
Mono: successfully reloaded assembly
- Completed reload, in  0.945 seconds
Platform modules already initialized, skipping
Refreshing native plugins compatible for Editor in 0.29 ms, found 0 plugins.
Preloading 0 native plugins for Editor in 0.00 ms.
Unloading 1256 Unused Serialized files (Serialized files now loaded: 0)
System memory in use before: 65.5 MB.
System memory in use after: 65.5 MB.

Unloading 7 unused Assets to reduce memory usage. Loaded Objects now: 1751.
Total: 1.977000 ms (FindLiveObjects: 0.251600 ms CreateObjectMapping: 0.048600 ms MarkObjects: 1.609700 ms  DeleteObjects: 0.065800 ms)

========================================================================
Received Prepare
Registering precompiled user dll's ...
Registered in 0.000608 seconds.
Begin MonoManager ReloadAssembly
Native extension for WindowsStandalone target not found
Refreshing native plugins compatible for Editor in 0.31 ms, found 0 plugins.
Preloading 0 native plugins for Editor in 0.00 ms.
Invoked RoslynAnalysisRunner static constructor.
RoslynAnalysisRunner will not be running.
RoslynAnalysisRunner has terminated.
Mono: successfully reloaded assembly
- Completed reload, in  0.839 seconds
Platform modules already initialized, skipping
Refreshing native plugins compatible for Editor in 0.25 ms, found 0 plugins.
Preloading 0 native plugins for Editor in 0.00 ms.
Unloading 1254 Unused Serialized files (Serialized files now loaded: 0)
System memory in use before: 65.4 MB.
System memory in use after: 65.5 MB.

Unloading 8 unused Assets to reduce memory usage. Loaded Objects now: 1753.
Total: 1.672700 ms (FindLiveObjects: 0.161600 ms CreateObjectMapping: 0.031200 ms MarkObjects: 1.416200 ms  DeleteObjects: 0.062200 ms)

========================================================================
Received Prepare
Registering precompiled user dll's ...
Registered in 0.000675 seconds.
Begin MonoManager ReloadAssembly
Native extension for WindowsStandalone target not found
Refreshing native plugins compatible for Editor in 0.23 ms, found 0 plugins.
Preloading 0 native plugins for Editor in 0.00 ms.
Invoked RoslynAnalysisRunner static constructor.
RoslynAnalysisRunner will not be running.
RoslynAnalysisRunner has terminated.
Mono: successfully reloaded assembly
- Completed reload, in  0.870 seconds
Platform modules already initialized, skipping
Refreshing native plugins compatible for Editor in 0.47 ms, found 0 plugins.
Preloading 0 native plugins for Editor in 0.00 ms.
Unloading 1255 Unused Serialized files (Serialized files now loaded: 0)
System memory in use before: 65.4 MB.
System memory in use after: 65.5 MB.

Unloading 7 unused Assets to reduce memory usage. Loaded Objects now: 1757.
Total: 2.195900 ms (FindLiveObjects: 0.289200 ms CreateObjectMapping: 0.075200 ms MarkObjects: 1.762800 ms  DeleteObjects: 0.066700 ms)

========================================================================
Received Import Request.
  Time since last request: 146.316639 seconds.
  path: Assets/Scripts/Moving.cs
  artifactKey: Guid(132deea451b16934d8e2820ab1d83ff1) Importer(815301076,1909f56bfc062723c751e8b465ee728b)
Start importing Assets/Scripts/Moving.cs using Guid(132deea451b16934d8e2820ab1d83ff1) Importer(815301076,1909f56bfc062723c751e8b465ee728b)  -> (artifact id: '73bcdc44f572c3b5680a1b8422c02c4a') in 0.012626 seconds
  Import took 0.014764 seconds .

========================================================================
Received Import Request.
  Time since last request: 11.161745 seconds.
  path: Assets/Scripts/MovingCoin.cs
  artifactKey: Guid(132deea451b16934d8e2820ab1d83ff1) Importer(815301076,1909f56bfc062723c751e8b465ee728b)
Start importing Assets/Scripts/MovingCoin.cs using Guid(132deea451b16934d8e2820ab1d83ff1) Importer(815301076,1909f56bfc062723c751e8b465ee728b)  -> (artifact id: '069e5928244d95c08eac92ce7be04910') in 0.008420 seconds
  Import took 0.010842 seconds .

========================================================================
Received Prepare
Registering precompiled user dll's ...
Registered in 0.000615 seconds.
Begin MonoManager ReloadAssembly
Native extension for WindowsStandalone target not found
Refreshing native plugins compatible for Editor in 0.50 ms, found 0 plugins.
Preloading 0 native plugins for Editor in 0.00 ms.
Invoked RoslynAnalysisRunner static constructor.
RoslynAnalysisRunner will not be running.
RoslynAnalysisRunner has terminated.
Mono: successfully reloaded assembly
- Completed reload, in  0.965 seconds
Platform modules already initialized, skipping
Refreshing native plugins compatible for Editor in 0.22 ms, found 0 plugins.
Preloading 0 native plugins for Editor in 0.00 ms.
Unloading 1255 Unused Serialized files (Serialized files now loaded: 0)
System memory in use before: 65.4 MB.
System memory in use after: 65.5 MB.

Unloading 7 unused Assets to reduce memory usage. Loaded Objects now: 1760.
Total: 2.083000 ms (FindLiveObjects: 0.162500 ms CreateObjectMapping: 0.031200 ms MarkObjects: 1.816000 ms  DeleteObjects: 0.072000 ms)

========================================================================
Received Prepare
Registering precompiled user dll's ...
Registered in 0.000572 seconds.
Begin MonoManager ReloadAssembly
Native extension for WindowsStandalone target not found
Refreshing native plugins compatible for Editor in 0.25 ms, found 0 plugins.
Preloading 0 native plugins for Editor in 0.00 ms.
Invoked RoslynAnalysisRunner static constructor.
RoslynAnalysisRunner will not be running.
RoslynAnalysisRunner has terminated.
Mono: successfully reloaded assembly
- Completed reload, in  0.855 seconds
Platform modules already initialized, skipping
Refreshing native plugins compatible for Editor in 0.74 ms, found 0 plugins.
Preloading 0 native plugins for Editor in 0.00 ms.
Unloading 1255 Unused Serialized files (Serialized files now loaded: 0)
System memory in use before: 65.4 MB.
System memory in use after: 65.5 MB.

Unloading 7 unused Assets to reduce memory usage. Loaded Objects now: 1763.
Total: 3.432600 ms (FindLiveObjects: 0.351800 ms CreateObjectMapping: 0.054600 ms MarkObjects: 2.883600 ms  DeleteObjects: 0.140400 ms)

========================================================================
Received Import Request.
  Time since last request: 650.053398 seconds.
  path: Assets/Scripts/MovingCoin.cs
  artifactKey: Guid(132deea451b16934d8e2820ab1d83ff1) Importer(815301076,1909f56bfc062723c751e8b465ee728b)
Start importing Assets/Scripts/MovingCoin.cs using Guid(132deea451b16934d8e2820ab1d83ff1) Importer(815301076,1909f56bfc062723c751e8b465ee728b)  -> (artifact id: 'e90d511d231175ac3089df3af3a0b782') in 0.003223 seconds
  Import took 0.005260 seconds .

========================================================================
Received Prepare
Registering precompiled user dll's ...
Registered in 0.000668 seconds.
Begin MonoManager ReloadAssembly
Native extension for WindowsStandalone target not found
Refreshing native plugins compatible for Editor in 0.23 ms, found 0 plugins.
Preloading 0 native plugins for Editor in 0.00 ms.
Invoked RoslynAnalysisRunner static constructor.
RoslynAnalysisRunner will not be running.
RoslynAnalysisRunner has terminated.
Mono: successfully reloaded assembly
- Completed reload, in  0.877 seconds
Platform modules already initialized, skipping
Refreshing native plugins compatible for Editor in 0.23 ms, found 0 plugins.
Preloading 0 native plugins for Editor in 0.00 ms.
Unloading 1255 Unused Serialized files (Serialized files now loaded: 0)
System memory in use before: 65.4 MB.
System memory in use after: 65.5 MB.

Unloading 7 unused Assets to reduce memory usage. Loaded Objects now: 1766.
Total: 2.647800 ms (FindLiveObjects: 0.402800 ms CreateObjectMapping: 0.084700 ms MarkObjects: 2.040300 ms  DeleteObjects: 0.118300 ms)

========================================================================
Received Import Request.
  Time since last request: 14.316002 seconds.
  path: Assets/Scripts/MovingCoin.cs
  artifactKey: Guid(132deea451b16934d8e2820ab1d83ff1) Importer(815301076,1909f56bfc062723c751e8b465ee728b)
Start importing Assets/Scripts/MovingCoin.cs using Guid(132deea451b16934d8e2820ab1d83ff1) Importer(815301076,1909f56bfc062723c751e8b465ee728b)  -> (artifact id: 'b19301dde618d20fe99e2f1720f208f3') in 0.003472 seconds
  Import took 0.005648 seconds .

========================================================================
Received Prepare
Registering precompiled user dll's ...
Registered in 0.000527 seconds.
Begin MonoManager ReloadAssembly
Native extension for WindowsStandalone target not found
Refreshing native plugins compatible for Editor in 0.26 ms, found 0 plugins.
Preloading 0 native plugins for Editor in 0.00 ms.
Invoked RoslynAnalysisRunner static constructor.
RoslynAnalysisRunner will not be running.
RoslynAnalysisRunner has terminated.
Mono: successfully reloaded assembly
- Completed reload, in  0.825 seconds
Platform modules already initialized, skipping
Refreshing native plugins compatible for Editor in 0.21 ms, found 0 plugins.
Preloading 0 native plugins for Editor in 0.00 ms.
Unloading 1255 Unused Serialized files (Serialized files now loaded: 0)
System memory in use before: 65.4 MB.
System memory in use after: 65.5 MB.

Unloading 7 unused Assets to reduce memory usage. Loaded Objects now: 1769.
Total: 2.741600 ms (FindLiveObjects: 0.253800 ms CreateObjectMapping: 0.035200 ms MarkObjects: 2.372200 ms  DeleteObjects: 0.078300 ms)

========================================================================
Received Prepare
Registering precompiled user dll's ...
Registered in 0.036216 seconds.
Begin MonoManager ReloadAssembly
Native extension for WindowsStandalone target not found
Refreshing native plugins compatible for Editor in 0.27 ms, found 0 plugins.
Preloading 0 native plugins for Editor in 0.00 ms.
Invoked RoslynAnalysisRunner static constructor.
RoslynAnalysisRunner will not be running.
RoslynAnalysisRunner has terminated.
Mono: successfully reloaded assembly
- Completed reload, in  0.891 seconds
Platform modules already initialized, skipping
Refreshing native plugins compatible for Editor in 0.24 ms, found 0 plugins.
Preloading 0 native plugins for Editor in 0.00 ms.
Unloading 1255 Unused Serialized files (Serialized files now loaded: 0)
System memory in use before: 65.4 MB.
System memory in use after: 65.5 MB.

Unloading 7 unused Assets to reduce memory usage. Loaded Objects now: 1772.
Total: 2.015100 ms (FindLiveObjects: 0.235300 ms CreateObjectMapping: 0.032400 ms MarkObjects: 1.663500 ms  DeleteObjects: 0.082400 ms)

========================================================================
Received Prepare
Registering precompiled user dll's ...
Registered in 0.000491 seconds.
Begin MonoManager ReloadAssembly
Native extension for WindowsStandalone target not found
Refreshing native plugins compatible for Editor in 0.30 ms, found 0 plugins.
Preloading 0 native plugins for Editor in 0.00 ms.
Invoked RoslynAnalysisRunner static constructor.
RoslynAnalysisRunner will not be running.
RoslynAnalysisRunner has terminated.
Mono: successfully reloaded assembly
- Completed reload, in  0.879 seconds
Platform modules already initialized, skipping
Refreshing native plugins compatible for Editor in 0.23 ms, found 0 plugins.
Preloading 0 native plugins for Editor in 0.00 ms.
Unloading 1255 Unused Serialized files (Serialized files now loaded: 0)
System memory in use before: 65.4 MB.
System memory in use after: 65.5 MB.

Unloading 7 unused Assets to reduce memory usage. Loaded Objects now: 1775.
Total: 3.528200 ms (FindLiveObjects: 0.337100 ms CreateObjectMapping: 0.059000 ms MarkObjects: 3.029000 ms  DeleteObjects: 0.100800 ms)

========================================================================
Received Prepare
Registering precompiled user dll's ...
Registered in 0.000513 seconds.
Begin MonoManager ReloadAssembly
Native extension for WindowsStandalone target not found
Refreshing native plugins compatible for Editor in 0.22 ms, found 0 plugins.
Preloading 0 native plugins for Editor in 0.00 ms.
Invoked RoslynAnalysisRunner static constructor.
RoslynAnalysisRunner will not be running.
RoslynAnalysisRunner has terminated.
Mono: successfully reloaded assembly
- Completed reload, in  0.838 seconds
Platform modules already initialized, skipping
Refreshing native plugins compatible for Editor in 0.35 ms, found 0 plugins.
Preloading 0 native plugins for Editor in 0.00 ms.
Unloading 1255 Unused Serialized files (Serialized files now loaded: 0)
System memory in use before: 65.4 MB.
System memory in use after: 65.5 MB.

Unloading 7 unused Assets to reduce memory usage. Loaded Objects now: 1778.
Total: 1.936200 ms (FindLiveObjects: 0.180400 ms CreateObjectMapping: 0.035000 ms MarkObjects: 1.647500 ms  DeleteObjects: 0.071900 ms)

========================================================================
Received Prepare
Registering precompiled user dll's ...
Registered in 0.000805 seconds.
Begin MonoManager ReloadAssembly
Native extension for WindowsStandalone target not found
Refreshing native plugins compatible for Editor in 0.31 ms, found 0 plugins.
Preloading 0 native plugins for Editor in 0.00 ms.
Invoked RoslynAnalysisRunner static constructor.
RoslynAnalysisRunner will not be running.
RoslynAnalysisRunner has terminated.
Mono: successfully reloaded assembly
- Completed reload, in  0.844 seconds
Platform modules already initialized, skipping
Refreshing native plugins compatible for Editor in 0.27 ms, found 0 plugins.
Preloading 0 native plugins for Editor in 0.00 ms.
Unloading 1255 Unused Serialized files (Serialized files now loaded: 0)
System memory in use before: 65.4 MB.
System memory in use after: 65.5 MB.

Unloading 7 unused Assets to reduce memory usage. Loaded Objects now: 1781.
Total: 4.431000 ms (FindLiveObjects: 0.385800 ms CreateObjectMapping: 0.070400 ms MarkObjects: 3.849000 ms  DeleteObjects: 0.123800 ms)

========================================================================
Received Prepare
Registering precompiled user dll's ...
Registered in 0.000498 seconds.
Begin MonoManager ReloadAssembly
Native extension for WindowsStandalone target not found
Refreshing native plugins compatible for Editor in 0.26 ms, found 0 plugins.
Preloading 0 native plugins for Editor in 0.00 ms.
Invoked RoslynAnalysisRunner static constructor.
RoslynAnalysisRunner will not be running.
RoslynAnalysisRunner has terminated.
Mono: successfully reloaded assembly
- Completed reload, in  0.865 seconds
Platform modules already initialized, skipping
Refreshing native plugins compatible for Editor in 0.21 ms, found 0 plugins.
Preloading 0 native plugins for Editor in 0.00 ms.
Unloading 1255 Unused Serialized files (Serialized files now loaded: 0)
System memory in use before: 65.4 MB.
System memory in use after: 65.5 MB.

Unloading 7 unused Assets to reduce memory usage. Loaded Objects now: 1784.
Total: 1.888600 ms (FindLiveObjects: 0.225600 ms CreateObjectMapping: 0.031800 ms MarkObjects: 1.560500 ms  DeleteObjects: 0.069300 ms)

========================================================================
Received Prepare
Registering precompiled user dll's ...
Registered in 0.000518 seconds.
Begin MonoManager ReloadAssembly
Native extension for WindowsStandalone target not found
Refreshing native plugins compatible for Editor in 0.22 ms, found 0 plugins.
Preloading 0 native plugins for Editor in 0.00 ms.
Invoked RoslynAnalysisRunner static constructor.
RoslynAnalysisRunner will not be running.
RoslynAnalysisRunner has terminated.
Mono: successfully reloaded assembly
- Completed reload, in  0.827 seconds
Platform modules already initialized, skipping
Refreshing native plugins compatible for Editor in 0.26 ms, found 0 plugins.
Preloading 0 native plugins for Editor in 0.00 ms.
Unloading 1255 Unused Serialized files (Serialized files now loaded: 0)
System memory in use before: 65.4 MB.
System memory in use after: 65.5 MB.

Unloading 7 unused Assets to reduce memory usage. Loaded Objects now: 1787.
Total: 1.771900 ms (FindLiveObjects: 0.159100 ms CreateObjectMapping: 0.030800 ms MarkObjects: 1.515600 ms  DeleteObjects: 0.064900 ms)

========================================================================
Received Prepare
Registering precompiled user dll's ...
Registered in 0.000547 seconds.
Begin MonoManager ReloadAssembly
Native extension for WindowsStandalone target not found
Refreshing native plugins compatible for Editor in 0.24 ms, found 0 plugins.
Preloading 0 native plugins for Editor in 0.00 ms.
Invoked RoslynAnalysisRunner static constructor.
RoslynAnalysisRunner will not be running.
RoslynAnalysisRunner has terminated.
Mono: successfully reloaded assembly
- Completed reload, in  0.881 seconds
Platform modules already initialized, skipping
Refreshing native plugins compatible for Editor in 0.24 ms, found 0 plugins.
Preloading 0 native plugins for Editor in 0.00 ms.
Unloading 1255 Unused Serialized files (Serialized files now loaded: 0)
System memory in use before: 65.4 MB.
System memory in use after: 65.5 MB.

Unloading 7 unused Assets to reduce memory usage. Loaded Objects now: 1790.
Total: 1.932400 ms (FindLiveObjects: 0.173600 ms CreateObjectMapping: 0.031000 ms MarkObjects: 1.662500 ms  DeleteObjects: 0.064100 ms)

========================================================================
Received Prepare
Registering precompiled user dll's ...
Registered in 0.000479 seconds.
Begin MonoManager ReloadAssembly
Native extension for WindowsStandalone target not found
Refreshing native plugins compatible for Editor in 0.22 ms, found 0 plugins.
Preloading 0 native plugins for Editor in 0.00 ms.
Invoked RoslynAnalysisRunner static constructor.
RoslynAnalysisRunner will not be running.
RoslynAnalysisRunner has terminated.
Mono: successfully reloaded assembly
- Completed reload, in  0.879 seconds
Platform modules already initialized, skipping
Refreshing native plugins compatible for Editor in 0.43 ms, found 0 plugins.
Preloading 0 native plugins for Editor in 0.00 ms.
Unloading 1255 Unused Serialized files (Serialized files now loaded: 0)
System memory in use before: 65.4 MB.
System memory in use after: 65.5 MB.

Unloading 7 unused Assets to reduce memory usage. Loaded Objects now: 1793.
Total: 2.373100 ms (FindLiveObjects: 0.379500 ms CreateObjectMapping: 0.041200 ms MarkObjects: 1.849000 ms  DeleteObjects: 0.101300 ms)

========================================================================
Received Prepare
Registering precompiled user dll's ...
Registered in 0.000539 seconds.
Begin MonoManager ReloadAssembly
Native extension for WindowsStandalone target not found
Refreshing native plugins compatible for Editor in 0.23 ms, found 0 plugins.
Preloading 0 native plugins for Editor in 0.00 ms.
Invoked RoslynAnalysisRunner static constructor.
RoslynAnalysisRunner will not be running.
RoslynAnalysisRunner has terminated.
Mono: successfully reloaded assembly
- Completed reload, in  0.835 seconds
Platform modules already initialized, skipping
Refreshing native plugins compatible for Editor in 0.38 ms, found 0 plugins.
Preloading 0 native plugins for Editor in 0.00 ms.
Unloading 1255 Unused Serialized files (Serialized files now loaded: 0)
System memory in use before: 65.5 MB.
System memory in use after: 65.5 MB.

Unloading 7 unused Assets to reduce memory usage. Loaded Objects now: 1796.
Total: 3.693400 ms (FindLiveObjects: 0.273100 ms CreateObjectMapping: 0.059200 ms MarkObjects: 3.275600 ms  DeleteObjects: 0.084000 ms)

========================================================================
Received Import Request.
  Time since last request: 1277.237022 seconds.
  path: Assets/Animation
  artifactKey: Guid(7fb82e12d365e0f4ebe72f7f11554604) Importer(815301076,1909f56bfc062723c751e8b465ee728b)
Start importing Assets/Animation using Guid(7fb82e12d365e0f4ebe72f7f11554604) Importer(815301076,1909f56bfc062723c751e8b465ee728b)  -> (artifact id: '455c56ae7d36f6ef926ea64ff47c2e68') in 0.004426 seconds
  Import took 0.006735 seconds .

========================================================================
Received Prepare
Registering precompiled user dll's ...
Registered in 0.000618 seconds.
Begin MonoManager ReloadAssembly
Native extension for WindowsStandalone target not found
Refreshing native plugins compatible for Editor in 0.31 ms, found 0 plugins.
Preloading 0 native plugins for Editor in 0.00 ms.
Invoked RoslynAnalysisRunner static constructor.
RoslynAnalysisRunner will not be running.
RoslynAnalysisRunner has terminated.
Mono: successfully reloaded assembly
- Completed reload, in  1.010 seconds
Platform modules already initialized, skipping
Refreshing native plugins compatible for Editor in 0.30 ms, found 0 plugins.
Preloading 0 native plugins for Editor in 0.00 ms.
Unloading 1255 Unused Serialized files (Serialized files now loaded: 0)
System memory in use before: 65.5 MB.
System memory in use after: 65.5 MB.

Unloading 7 unused Assets to reduce memory usage. Loaded Objects now: 1799.
Total: 2.263700 ms (FindLiveObjects: 0.229700 ms CreateObjectMapping: 0.040900 ms MarkObjects: 1.908500 ms  DeleteObjects: 0.083300 ms)

========================================================================
Received Import Request.
  Time since last request: 198.642188 seconds.
  path: Assets/Animations
  artifactKey: Guid(7fb82e12d365e0f4ebe72f7f11554604) Importer(815301076,1909f56bfc062723c751e8b465ee728b)
Start importing Assets/Animations using Guid(7fb82e12d365e0f4ebe72f7f11554604) Importer(815301076,1909f56bfc062723c751e8b465ee728b)  -> (artifact id: '8127627b165314a11fa673419647e886') in 0.003506 seconds
  Import took 0.005660 seconds .

========================================================================
Received Import Request.
  Time since last request: 31.075196 seconds.
  path: Assets/Animations/CoinAnim.anim
  artifactKey: Guid(4cc4efa8a51888343a9bffdf9c21fb9a) Importer(815301076,1909f56bfc062723c751e8b465ee728b)
Start importing Assets/Animations/CoinAnim.anim using Guid(4cc4efa8a51888343a9bffdf9c21fb9a) Importer(815301076,1909f56bfc062723c751e8b465ee728b)  -> (artifact id: '4f24e4ad3e3d3a1b756ede336a0f303b') in 0.013018 seconds
  Import took 0.015141 seconds .

========================================================================
Received Import Request.
  Time since last request: 15.962779 seconds.
  path: Assets/Animations/AnimatorCoin.controller
  artifactKey: Guid(ab6ff10909e455f42bd3b451603bd80b) Importer(815301076,1909f56bfc062723c751e8b465ee728b)
Start importing Assets/Animations/AnimatorCoin.controller using Guid(ab6ff10909e455f42bd3b451603bd80b) Importer(815301076,1909f56bfc062723c751e8b465ee728b)  -> (artifact id: '14ddb908ccdaf8b6354cc1a06500ce6e') in 0.003981 seconds
  Import took 0.006076 seconds .

========================================================================
Received Prepare
Registering precompiled user dll's ...
Registered in 0.000758 seconds.
Begin MonoManager ReloadAssembly
Native extension for WindowsStandalone target not found
Refreshing native plugins compatible for Editor in 0.39 ms, found 0 plugins.
Preloading 0 native plugins for Editor in 0.00 ms.
Invoked RoslynAnalysisRunner static constructor.
RoslynAnalysisRunner will not be running.
RoslynAnalysisRunner has terminated.
Mono: successfully reloaded assembly
- Completed reload, in  0.991 seconds
Platform modules already initialized, skipping
Refreshing native plugins compatible for Editor in 0.27 ms, found 0 plugins.
Preloading 0 native plugins for Editor in 0.00 ms.
Unloading 1255 Unused Serialized files (Serialized files now loaded: 0)
System memory in use before: 65.5 MB.
System memory in use after: 65.5 MB.

Unloading 7 unused Assets to reduce memory usage. Loaded Objects now: 1802.
Total: 2.098200 ms (FindLiveObjects: 0.232200 ms CreateObjectMapping: 0.036600 ms MarkObjects: 1.761600 ms  DeleteObjects: 0.066300 ms)

========================================================================
Received Prepare
Registering precompiled user dll's ...
Registered in 0.019739 seconds.
Begin MonoManager ReloadAssembly
Native extension for WindowsStandalone target not found
Refreshing native plugins compatible for Editor in 0.27 ms, found 0 plugins.
Preloading 0 native plugins for Editor in 0.00 ms.
Invoked RoslynAnalysisRunner static constructor.
RoslynAnalysisRunner will not be running.
RoslynAnalysisRunner has terminated.
Mono: successfully reloaded assembly
- Completed reload, in  0.913 seconds
Platform modules already initialized, skipping
Refreshing native plugins compatible for Editor in 0.21 ms, found 0 plugins.
Preloading 0 native plugins for Editor in 0.00 ms.
Unloading 1255 Unused Serialized files (Serialized files now loaded: 0)
System memory in use before: 65.5 MB.
System memory in use after: 65.5 MB.

Unloading 7 unused Assets to reduce memory usage. Loaded Objects now: 1805.
Total: 2.108000 ms (FindLiveObjects: 0.219900 ms CreateObjectMapping: 0.040700 ms MarkObjects: 1.775700 ms  DeleteObjects: 0.070300 ms)

========================================================================
Received Prepare
Registering precompiled user dll's ...
Registered in 0.000659 seconds.
Begin MonoManager ReloadAssembly
Native extension for WindowsStandalone target not found
Refreshing native plugins compatible for Editor in 0.24 ms, found 0 plugins.
Preloading 0 native plugins for Editor in 0.00 ms.
Invoked RoslynAnalysisRunner static constructor.
RoslynAnalysisRunner will not be running.
RoslynAnalysisRunner has terminated.
Mono: successfully reloaded assembly
- Completed reload, in  0.838 seconds
Platform modules already initialized, skipping
Refreshing native plugins compatible for Editor in 0.22 ms, found 0 plugins.
Preloading 0 native plugins for Editor in 0.00 ms.
Unloading 1255 Unused Serialized files (Serialized files now loaded: 0)
System memory in use before: 65.5 MB.
System memory in use after: 65.5 MB.

Unloading 7 unused Assets to reduce memory usage. Loaded Objects now: 1808.
Total: 1.674800 ms (FindLiveObjects: 0.157800 ms CreateObjectMapping: 0.031800 ms MarkObjects: 1.423800 ms  DeleteObjects: 0.060400 ms)

========================================================================
Received Prepare
Registering precompiled user dll's ...
Registered in 0.000627 seconds.
Begin MonoManager ReloadAssembly
Native extension for WindowsStandalone target not found
Refreshing native plugins compatible for Editor in 0.22 ms, found 0 plugins.
Preloading 0 native plugins for Editor in 0.00 ms.
Invoked RoslynAnalysisRunner static constructor.
RoslynAnalysisRunner will not be running.
RoslynAnalysisRunner has terminated.
Mono: successfully reloaded assembly
- Completed reload, in  1.513 seconds
Platform modules already initialized, skipping
Refreshing native plugins compatible for Editor in 0.32 ms, found 0 plugins.
Preloading 0 native plugins for Editor in 0.00 ms.
Unloading 1255 Unused Serialized files (Serialized files now loaded: 0)
System memory in use before: 65.5 MB.
System memory in use after: 65.6 MB.

Unloading 7 unused Assets to reduce memory usage. Loaded Objects now: 1811.
Total: 2.116500 ms (FindLiveObjects: 0.180900 ms CreateObjectMapping: 0.032700 ms MarkObjects: 1.760900 ms  DeleteObjects: 0.140300 ms)

========================================================================
Received Prepare
Registering precompiled user dll's ...
Registered in 0.000512 seconds.
Begin MonoManager ReloadAssembly
Native extension for WindowsStandalone target not found
Refreshing native plugins compatible for Editor in 0.22 ms, found 0 plugins.
Preloading 0 native plugins for Editor in 0.00 ms.
Invoked RoslynAnalysisRunner static constructor.
RoslynAnalysisRunner will not be running.
RoslynAnalysisRunner has terminated.
Mono: successfully reloaded assembly
- Completed reload, in  0.815 seconds
Platform modules already initialized, skipping
Refreshing native plugins compatible for Editor in 0.22 ms, found 0 plugins.
Preloading 0 native plugins for Editor in 0.00 ms.
Unloading 1255 Unused Serialized files (Serialized files now loaded: 0)
System memory in use before: 65.5 MB.
System memory in use after: 65.6 MB.

Unloading 7 unused Assets to reduce memory usage. Loaded Objects now: 1814.
Total: 3.592900 ms (FindLiveObjects: 0.353600 ms CreateObjectMapping: 0.053300 ms MarkObjects: 3.059300 ms  DeleteObjects: 0.123900 ms)

========================================================================
Received Import Request.
  Time since last request: 1269.826810 seconds.
  path: Assets/Animations/CoinAnim.anim
  artifactKey: Guid(4cc4efa8a51888343a9bffdf9c21fb9a) Importer(815301076,1909f56bfc062723c751e8b465ee728b)
Start importing Assets/Animations/CoinAnim.anim using Guid(4cc4efa8a51888343a9bffdf9c21fb9a) Importer(815301076,1909f56bfc062723c751e8b465ee728b)  -> (artifact id: '728952075c22da91ffe0db43c60366a7') in 0.016508 seconds
  Import took 0.020688 seconds .

========================================================================
Received Prepare
Registering precompiled user dll's ...
Registered in 0.000526 seconds.
Begin MonoManager ReloadAssembly
Native extension for WindowsStandalone target not found
Refreshing native plugins compatible for Editor in 0.34 ms, found 0 plugins.
Preloading 0 native plugins for Editor in 0.00 ms.
Invoked RoslynAnalysisRunner static constructor.
RoslynAnalysisRunner will not be running.
RoslynAnalysisRunner has terminated.
Mono: successfully reloaded assembly
- Completed reload, in  0.915 seconds
Platform modules already initialized, skipping
Refreshing native plugins compatible for Editor in 0.57 ms, found 0 plugins.
Preloading 0 native plugins for Editor in 0.00 ms.
Unloading 1255 Unused Serialized files (Serialized files now loaded: 0)
System memory in use before: 65.5 MB.
System memory in use after: 65.6 MB.

Unloading 7 unused Assets to reduce memory usage. Loaded Objects now: 1817.
Total: 5.356300 ms (FindLiveObjects: 0.444800 ms CreateObjectMapping: 0.077000 ms MarkObjects: 4.667400 ms  DeleteObjects: 0.164200 ms)

========================================================================
Received Import Request.
  Time since last request: 112.739323 seconds.
  path: Assets/Animations/CoinAnim.anim
  artifactKey: Guid(4cc4efa8a51888343a9bffdf9c21fb9a) Importer(815301076,1909f56bfc062723c751e8b465ee728b)
Start importing Assets/Animations/CoinAnim.anim using Guid(4cc4efa8a51888343a9bffdf9c21fb9a) Importer(815301076,1909f56bfc062723c751e8b465ee728b)  -> (artifact id: '603e921b84d1b056ac910b391b0def7d') in 0.028466 seconds
  Import took 0.032374 seconds .

========================================================================
Received Prepare
Registering precompiled user dll's ...
Registered in 0.000529 seconds.
Begin MonoManager ReloadAssembly
Native extension for WindowsStandalone target not found
Refreshing native plugins compatible for Editor in 0.23 ms, found 0 plugins.
Preloading 0 native plugins for Editor in 0.00 ms.
Invoked RoslynAnalysisRunner static constructor.
RoslynAnalysisRunner will not be running.
RoslynAnalysisRunner has terminated.
Mono: successfully reloaded assembly
- Completed reload, in  0.817 seconds
Platform modules already initialized, skipping
Refreshing native plugins compatible for Editor in 0.36 ms, found 0 plugins.
Preloading 0 native plugins for Editor in 0.00 ms.
Unloading 1255 Unused Serialized files (Serialized files now loaded: 0)
System memory in use before: 65.5 MB.
System memory in use after: 65.6 MB.

Unloading 7 unused Assets to reduce memory usage. Loaded Objects now: 1820.
Total: 3.173900 ms (FindLiveObjects: 0.588900 ms CreateObjectMapping: 0.132300 ms MarkObjects: 2.365600 ms  DeleteObjects: 0.085100 ms)

========================================================================
Received Import Request.
  Time since last request: 701.405162 seconds.
  path: Assets/Prefabs
  artifactKey: Guid(33cae9b503bc8934eaa7606bac6fe227) Importer(815301076,1909f56bfc062723c751e8b465ee728b)
Start importing Assets/Prefabs using Guid(33cae9b503bc8934eaa7606bac6fe227) Importer(815301076,1909f56bfc062723c751e8b465ee728b)  -> (artifact id: '5eea2e588103755995a2ccbd9202856f') in 0.012074 seconds
  Import took 0.020745 seconds .

========================================================================
Received Import Request.
  Time since last request: 0.000646 seconds.
  path: Assets/Prefabs
  artifactKey: Guid(33cae9b503bc8934eaa7606bac6fe227) Importer(815301076,1909f56bfc062723c751e8b465ee728b)
Start importing Assets/Prefabs using Guid(33cae9b503bc8934eaa7606bac6fe227) Importer(815301076,1909f56bfc062723c751e8b465ee728b)  -> (artifact id: '5eea2e588103755995a2ccbd9202856f') in 0.001451 seconds
  Import took 0.003838 seconds .

========================================================================
Received Import Request.
  Time since last request: 5.033540 seconds.
  path: Assets/Prefabs/Tail.prefab
  artifactKey: Guid(a996ac03eb9a7a44db0494247587c852) Importer(815301076,1909f56bfc062723c751e8b465ee728b)
Start importing Assets/Prefabs/Tail.prefab using Guid(a996ac03eb9a7a44db0494247587c852) Importer(815301076,1909f56bfc062723c751e8b465ee728b)  -> (artifact id: '6e0b3a01e58c017727ee5105e062b168') in 0.114907 seconds
  Import took 0.117376 seconds .

========================================================================
Received Prepare
Registering precompiled user dll's ...
Registered in 0.000618 seconds.
Begin MonoManager ReloadAssembly
Native extension for WindowsStandalone target not found
Refreshing native plugins compatible for Editor in 0.22 ms, found 0 plugins.
Preloading 0 native plugins for Editor in 0.00 ms.
Invoked RoslynAnalysisRunner static constructor.
RoslynAnalysisRunner will not be running.
RoslynAnalysisRunner has terminated.
Mono: successfully reloaded assembly
- Completed reload, in  1.519 seconds
Platform modules already initialized, skipping
Refreshing native plugins compatible for Editor in 0.23 ms, found 0 plugins.
Preloading 0 native plugins for Editor in 0.00 ms.
Unloading 1255 Unused Serialized files (Serialized files now loaded: 0)
System memory in use before: 65.5 MB.
System memory in use after: 65.6 MB.

Unloading 7 unused Assets to reduce memory usage. Loaded Objects now: 1824.
Total: 2.169800 ms (FindLiveObjects: 0.187800 ms CreateObjectMapping: 0.032400 ms MarkObjects: 1.877800 ms  DeleteObjects: 0.070500 ms)

========================================================================
Received Import Request.
  Time since last request: 2838.914662 seconds.
  path: Assets/Prefabs/Snake.prefab
  artifactKey: Guid(99d7f63487f8fd34eb968af2e421e3ff) Importer(815301076,1909f56bfc062723c751e8b465ee728b)
Start importing Assets/Prefabs/Snake.prefab using Guid(99d7f63487f8fd34eb968af2e421e3ff) Importer(815301076,1909f56bfc062723c751e8b465ee728b)  -> (artifact id: '02364970b803485620e9f9005fb16e52') in 0.128787 seconds
  Import took 0.131304 seconds .

========================================================================
Received Prepare
Registering precompiled user dll's ...
Registered in 0.000582 seconds.
Begin MonoManager ReloadAssembly
Native extension for WindowsStandalone target not found
Refreshing native plugins compatible for Editor in 0.25 ms, found 0 plugins.
Preloading 0 native plugins for Editor in 0.00 ms.
Invoked RoslynAnalysisRunner static constructor.
RoslynAnalysisRunner will not be running.
RoslynAnalysisRunner has terminated.
Mono: successfully reloaded assembly
- Completed reload, in  0.847 seconds
Platform modules already initialized, skipping
Refreshing native plugins compatible for Editor in 0.23 ms, found 0 plugins.
Preloading 0 native plugins for Editor in 0.00 ms.
Unloading 1255 Unused Serialized files (Serialized files now loaded: 0)
System memory in use before: 65.6 MB.
System memory in use after: 65.6 MB.

Unloading 7 unused Assets to reduce memory usage. Loaded Objects now: 1828.
Total: 1.879600 ms (FindLiveObjects: 0.157800 ms CreateObjectMapping: 0.030100 ms MarkObjects: 1.540400 ms  DeleteObjects: 0.150300 ms)

========================================================================
Received Import Request.
  Time since last request: 1560.654324 seconds.
  path: Assets/Scripts/MovingCoin.cs
  artifactKey: Guid(132deea451b16934d8e2820ab1d83ff1) Importer(815301076,1909f56bfc062723c751e8b465ee728b)
Start importing Assets/Scripts/MovingCoin.cs using Guid(132deea451b16934d8e2820ab1d83ff1) Importer(815301076,1909f56bfc062723c751e8b465ee728b)  -> (artifact id: 'e61acd39aff0362a755510c09d36ce8b') in 0.003378 seconds
  Import took 0.005388 seconds .

========================================================================
Received Import Request.
  Time since last request: 0.006893 seconds.
  path: Assets/Scripts/MovingCoin.cs
  artifactKey: Guid(132deea451b16934d8e2820ab1d83ff1) Importer(815301076,1909f56bfc062723c751e8b465ee728b)
Start importing Assets/Scripts/MovingCoin.cs using Guid(132deea451b16934d8e2820ab1d83ff1) Importer(815301076,1909f56bfc062723c751e8b465ee728b)  -> (artifact id: 'e61acd39aff0362a755510c09d36ce8b') in 0.000994 seconds
  Import took 0.002612 seconds .

========================================================================
Received Import Request.
  Time since last request: 50.525813 seconds.
  path: Assets/Scripts/Tags.cs
  artifactKey: Guid(3c2c67b8d63a236419692b16c8c1f432) Importer(815301076,1909f56bfc062723c751e8b465ee728b)
Start importing Assets/Scripts/Tags.cs using Guid(3c2c67b8d63a236419692b16c8c1f432) Importer(815301076,1909f56bfc062723c751e8b465ee728b)  -> (artifact id: '099fb806a01faaf3218eaf23c2c16dd2') in 0.001342 seconds
  Import took 0.008173 seconds .

========================================================================
Received Prepare
Registering precompiled user dll's ...
Registered in 0.000526 seconds.
